c:\users\selet\source\repos\mykolaseletskyi\copy_valti\wallet_part1\wallet_part1\x64\debug\vc142.pdb
c:\users\selet\source\repos\mykolaseletskyi\copy_valti\wallet_part1\wallet_part1\x64\debug\vc142.idb
c:\users\selet\source\repos\mykolaseletskyi\copy_valti\wallet_part1\wallet_part1\x64\debug\wallet_menu.nativecodeanalysis.sarif
c:\users\selet\source\repos\mykolaseletskyi\copy_valti\wallet_part1\wallet_part1\x64\debug\wallet_menu.nativecodeanalysis.xml
c:\users\selet\source\repos\mykolaseletskyi\copy_valti\wallet_part1\wallet_part1\x64\debug\show.nativecodeanalysis.sarif
c:\users\selet\source\repos\mykolaseletskyi\copy_valti\wallet_part1\wallet_part1\x64\debug\show.nativecodeanalysis.xml
c:\users\selet\source\repos\mykolaseletskyi\copy_valti\wallet_part1\wallet_part1\x64\debug\inits.nativecodeanalysis.sarif
c:\users\selet\source\repos\mykolaseletskyi\copy_valti\wallet_part1\wallet_part1\x64\debug\inits.nativecodeanalysis.xml
c:\users\selet\source\repos\mykolaseletskyi\copy_valti\wallet_part1\wallet_part1\x64\debug\incomesspends.nativecodeanalysis.sarif
c:\users\selet\source\repos\mykolaseletskyi\copy_valti\wallet_part1\wallet_part1\x64\debug\incomesspends.nativecodeanalysis.xml
c:\users\selet\source\repos\mykolaseletskyi\copy_valti\wallet_part1\wallet_part1\x64\debug\incomesspends.obj
c:\users\selet\source\repos\mykolaseletskyi\copy_valti\wallet_part1\wallet_part1\x64\debug\inits.obj
c:\users\selet\source\repos\mykolaseletskyi\copy_valti\wallet_part1\wallet_part1\x64\debug\show.obj
c:\users\selet\source\repos\mykolaseletskyi\copy_valti\wallet_part1\wallet_part1\x64\debug\wallet_menu.obj
c:\users\selet\source\repos\mykolaseletskyi\copy_valti\wallet_part1\x64\debug\wallet_part1.ilk
c:\users\selet\source\repos\mykolaseletskyi\copy_valti\wallet_part1\x64\debug\wallet_part1.exe
c:\users\selet\source\repos\mykolaseletskyi\copy_valti\wallet_part1\x64\debug\wallet_part1.pdb
c:\users\selet\source\repos\mykolaseletskyi\copy_valti\wallet_part1\wallet_part1\x64\debug\nativecodeanalysis.read.1.tlog
c:\users\selet\source\repos\mykolaseletskyi\copy_valti\wallet_part1\wallet_part1\x64\debug\vc.nativecodeanalysis.all.xml
c:\users\selet\source\repos\mykolaseletskyi\copy_valti\wallet_part1\x64\debug\wallet_part1.exe.lastcodeanalysissucceeded
c:\users\selet\source\repos\mykolaseletskyi\copy_valti\wallet_part1\wallet_part1\x64\debug\wallet_part1.tlog\cl.command.1.tlog
c:\users\selet\source\repos\mykolaseletskyi\copy_valti\wallet_part1\wallet_part1\x64\debug\wallet_part1.tlog\cl.read.1.tlog
c:\users\selet\source\repos\mykolaseletskyi\copy_valti\wallet_part1\wallet_part1\x64\debug\wallet_part1.tlog\cl.write.1.tlog
c:\users\selet\source\repos\mykolaseletskyi\copy_valti\wallet_part1\wallet_part1\x64\debug\wallet_part1.tlog\link.command.1.tlog
c:\users\selet\source\repos\mykolaseletskyi\copy_valti\wallet_part1\wallet_part1\x64\debug\wallet_part1.tlog\link.read.1.tlog
c:\users\selet\source\repos\mykolaseletskyi\copy_valti\wallet_part1\wallet_part1\x64\debug\wallet_part1.tlog\link.write.1.tlog
